d:\watersurface-master\watersurface-master\watersurface.dir\debug\vc142.pdb
d:\watersurface-master\watersurface-master\watersurface.dir\debug\trainwindow.obj
d:\watersurface-master\watersurface-master\watersurface.dir\debug\trainview.obj
d:\watersurface-master\watersurface-master\watersurface.dir\debug\track.obj
d:\watersurface-master\watersurface-master\watersurface.dir\debug\controlpoint.obj
d:\watersurface-master\watersurface-master\watersurface.dir\debug\callbacks.obj
d:\watersurface-master\watersurface-master\watersurface.dir\debug\main.obj
d:\watersurface-master\watersurface-master\watersurface.dir\debug\glad.obj
d:\watersurface-master\watersurface-master\cmakefiles\generate.stamp
d:\watersurface-master\watersurface-master\debug\watersurface.exe
d:\watersurface-master\watersurface-master\watersurface.dir\debug\watersurface.ilk
d:\watersurface-master\watersurface-master\debug\watersurface.pdb
d:\watersurface-master\watersurface-master\watersurface.dir\debug\watersurface.tlog\cl.command.1.tlog
d:\watersurface-master\watersurface-master\watersurface.dir\debug\watersurface.tlog\cl.read.1.tlog
d:\watersurface-master\watersurface-master\watersurface.dir\debug\watersurface.tlog\cl.write.1.tlog
d:\watersurface-master\watersurface-master\watersurface.dir\debug\watersurface.tlog\custombuild.command.1.tlog
d:\watersurface-master\watersurface-master\watersurface.dir\debug\watersurface.tlog\custombuild.read.1.tlog
d:\watersurface-master\watersurface-master\watersurface.dir\debug\watersurface.tlog\custombuild.write.1.tlog
d:\watersurface-master\watersurface-master\watersurface.dir\debug\watersurface.tlog\link.command.1.tlog
d:\watersurface-master\watersurface-master\watersurface.dir\debug\watersurface.tlog\link.read.1.tlog
d:\watersurface-master\watersurface-master\watersurface.dir\debug\watersurface.tlog\link.write.1.tlog
